#
# There is insufficient memory for the Java Runtime Environment to continue.
# Native memory allocation (malloc) failed to allocate 1048576 bytes for AllocateHeap
# Possible reasons:
#   The system is out of physical RAM or swap space
#   In 32 bit mode, the process size limit was hit
# Possible solutions:
#   Reduce memory load on the system
#   Increase physical memory or swap space
#   Check if swap backing store is full
#   Use 64 bit Java on a 64 bit OS
#   Decrease Java heap size (-Xmx/-Xms)
#   Decrease number of Java threads
#   Decrease Java thread stack sizes (-Xss)
#   Set larger code cache with -XX:ReservedCodeCacheSize=
# This output file may be truncated or incomplete.
#
#  Out of Memory Error (memory/allocation.inline.hpp:61), pid=28876, tid=0x000000000000862c
#
# JRE version:  (8.0_121-b13) (build )
# Java VM: Java HotSpot(TM) 64-Bit Server VM (25.121-b13 mixed mode windows-amd64 compressed oops)
# Failed to write core dump. Minidumps are not enabled by default on client versions of Windows
#

---------------  T H R E A D  ---------------

Current thread (0x0000000002f11000):  JavaThread "Unknown thread" [_thread_in_vm, id=34348, stack(0x0000000002d50000,0x0000000002e50000)]

Stack: [0x0000000002d50000,0x0000000002e50000]
[error occurred during error reporting (printing stack bounds), id 0xc0000005]

Native frames: (J=compiled Java code, j=interpreted, Vv=VM code, C=native code)


---------------  P R O C E S S  ---------------

Java Threads: ( => current thread )

Other Threads:

=>0x0000000002f11000 (exited) JavaThread "Unknown thread" [_thread_in_vm, id=34348, stack(0x0000000002d50000,0x0000000002e50000)]

VM state:not at safepoint (normal execution)

VM Mutex/Monitor currently owned by a thread: None

Heap:
 PSYoungGen      total 35840K, used 614K [0x00000000d8800000, 0x00000000db000000, 0x0000000100000000)
  eden space 30720K, 2% used [0x00000000d8800000,0x00000000d88999a8,0x00000000da600000)
  from space 5120K, 0% used [0x00000000dab00000,0x00000000dab00000,0x00000000db000000)
  to   space 5120K, 0% used [0x00000000da600000,0x00000000da600000,0x00000000dab00000)
 ParOldGen       total 81920K, used 0K [0x0000000089800000, 0x000000008e800000, 0x00000000d8800000)
  object space 81920K, 0% used [0x0000000089800000,0x0000000089800000,0x000000008e800000)
 Metaspace       used 770K, capacity 4480K, committed 4480K, reserved 1056768K
  class space    used 75K, capacity 384K, committed 384K, reserved 1048576K

Card table byte_map: [0x00000000123d0000,0x0000000012790000] byte_map_base: 0x0000000011f84000

Marking Bits: (ParMarkBitMap*) 0x000000007662b6d0
 Begin Bits: [0x0000000013410000, 0x00000000151b0000)
 End Bits:   [0x00000000151b0000, 0x0000000016f50000)

Polling page: 0x0000000001450000

CodeCache: size=245760Kb used=327Kb max_used=327Kb free=245432Kb
 bounds [0x0000000003010000, 0x0000000003280000, 0x0000000012010000]
 total_blobs=57 nmethods=0 adapters=38
 compilation: enabled

Compilation events (0 events):
No events

GC Heap History (0 events):
No events

Deoptimization events (0 events):
No events

Internal exceptions (0 events):
No events

Events (10 events):
Event: 0.017 loading class java/lang/Short
Event: 0.017 loading class java/lang/Short done
Event: 0.017 loading class java/lang/Integer
Event: 0.017 loading class java/lang/Integer done
Event: 0.017 loading class java/lang/Long
Event: 0.017 loading class java/lang/Long done
Event: 0.017 loading class java/lang/NullPointerException
Event: 0.017 loading class java/lang/NullPointerException done
Event: 0.017 loading class java/lang/ArithmeticException
Event: 0.017 loading class java/lang/ArithmeticException done


Dynamic libraries:
0x00007ff6f8c80000 - 0x00007ff6f8cb7000 	C:\Program Files\Java\jdk1.8.0_121\bin\java.exe
0x00007ffb2bcd0000 - 0x00007ffb2bee7000 	C:\Windows\SYSTEM32\ntdll.dll
0x00007ffb2ae90000 - 0x00007ffb2af54000 	C:\Windows\System32\KERNEL32.DLL
0x00007ffb294f0000 - 0x00007ffb298aa000 	C:\Windows\System32\KERNELBASE.dll
0x00007ffb2b350000 - 0x00007ffb2b402000 	C:\Windows\System32\ADVAPI32.dll
0x00007ffb2a270000 - 0x00007ffb2a317000 	C:\Windows\System32\msvcrt.dll
0x00007ffb2a4c0000 - 0x00007ffb2a567000 	C:\Windows\System32\sechost.dll
0x00007ffb29020000 - 0x00007ffb29048000 	C:\Windows\System32\bcrypt.dll
0x00007ffb2b060000 - 0x00007ffb2b174000 	C:\Windows\System32\RPCRT4.dll
0x00007ffb2b5e0000 - 0x00007ffb2b78e000 	C:\Windows\System32\USER32.dll
0x00007ffb29050000 - 0x00007ffb29076000 	C:\Windows\System32\win32u.dll
0x00007ffb2b270000 - 0x00007ffb2b299000 	C:\Windows\System32\GDI32.dll
0x00007ffb298b0000 - 0x00007ffb299cb000 	C:\Windows\System32\gdi32full.dll
0x00007ffb291a0000 - 0x00007ffb2923a000 	C:\Windows\System32\msvcp_win.dll
0x00007ffb29080000 - 0x00007ffb29191000 	C:\Windows\System32\ucrtbase.dll
0x00007ffb183c0000 - 0x00007ffb18652000 	C:\Windows\WinSxS\amd64_microsoft.windows.common-controls_6595b64144ccf1df_6.0.22621.4541_none_2710d1c57384c085\COMCTL32.dll
0x00007ffb2ae50000 - 0x00007ffb2ae81000 	C:\Windows\System32\IMM32.DLL
0x0000000077790000 - 0x0000000077862000 	C:\Program Files\Java\jdk1.8.0_121\jre\bin\msvcr100.dll
0x0000000075e10000 - 0x00000000766ab000 	C:\Program Files\Java\jdk1.8.0_121\jre\bin\server\jvm.dll
0x00007ffb2b460000 - 0x00007ffb2b468000 	C:\Windows\System32\PSAPI.DLL
0x00007ffb24350000 - 0x00007ffb24359000 	C:\Windows\SYSTEM32\WSOCK32.dll
0x00007ffb1e0c0000 - 0x00007ffb1e0ca000 	C:\Windows\SYSTEM32\VERSION.dll
0x00007ffb23260000 - 0x00007ffb23294000 	C:\Windows\SYSTEM32\WINMM.dll
0x00007ffb2bc10000 - 0x00007ffb2bc81000 	C:\Windows\System32\WS2_32.dll
0x0000000077780000 - 0x000000007778f000 	C:\Program Files\Java\jdk1.8.0_121\jre\bin\verify.dll
0x0000000077750000 - 0x0000000077779000 	C:\Program Files\Java\jdk1.8.0_121\jre\bin\java.dll
0x0000000077730000 - 0x0000000077746000 	C:\Program Files\Java\jdk1.8.0_121\jre\bin\zip.dll

VM Arguments:
java_command: caseStudy2Group5
java_class_path (initial): C:\Users\tria\AppData\Roaming\Code\User\workspaceStorage\134bdc8347b0105e8c230a8adafb2635\redhat.java\jdt_ws\CaseStudy2_Jobsheet14_Group5_49a67524\bin
Launcher Type: SUN_STANDARD

Environment Variables:
JAVA_HOME=C:\Program Files\Java\jdk1.8.0_121
PATH=C:\Program Files (x86)\Common Files\Oracle\Java\java8path;C:\Program Files (x86)\Common Files\Oracle\Java\javapath;C:\Windows\system32;C:\Windows;C:\Windows\System32\Wbem;C:\Windows\System32\WindowsPowerShell\v1.0\;C:\Windows\System32\OpenSSH\;C:\Program Files\nodejs\;C:\Program Files\Git\cmd;C:\Users\tria\.config\herd\bin\nvm;C:\Program Files\nodejs;C:\Program Files\Java\jre1.8.0_421\bin;C:\Program Files\Java\jdk1.8.0_121\bin;C:\Users\tria\.config\herd\bin;C:\Users\tria\AppData\Local\Microsoft\WindowsApps;C:\Users\tria\AppData\Local\Programs\Microsoft VS Code\bin;C:\Users\tria\AppData\Roaming\npm;C:\Users\tria\AppData\Local\GitHubDesktop\bin;C:\Flutter\flutter\bin;
USERNAME=tria
OS=Windows_NT
PROCESSOR_IDENTIFIER=AMD64 Family 25 Model 80 Stepping 0, AuthenticAMD



---------------  S Y S T E M  ---------------

OS: Windows 10.0 , 64 bit Build 22621 (10.0.22621.4391)

CPU:total 12 (12 cores per cpu, 1 threads per core) family 25 model 80 stepping 0, cmov, cx8, fxsr, mmx, sse, sse2, sse3, ssse3, sse4.1, sse4.2, popcnt, avx, avx2, aes, clmul, erms, mmxext, 3dnowpref, lzcnt, sse4a, tsc, tscinvbit, tscinv, bmi1

Memory: 4k page, physical 7765624k(624344k free), swap 31882872k(4336k free)

vm_info: Java HotSpot(TM) 64-Bit Server VM (25.121-b13) for windows-amd64 JRE (1.8.0_121-b13), built on Dec 12 2016 18:21:36 by "java_re" with MS VC++ 10.0 (VS2010)

time: Sat Dec 14 13:53:51 2024
elapsed time: 0 seconds (0d 0h 0m 0s)

